\BOOKMARK [0][]{chapter*.1}{List of papers}{}% 1
\BOOKMARK [0][]{chapter.1}{1 Introduction}{}% 2
\BOOKMARK [1][]{section.1.1}{1.1 Significance of the research}{chapter.1}% 3
\BOOKMARK [1][]{section.1.2}{1.2 Scientific goals and organization of the Thesis}{chapter.1}% 4
\BOOKMARK [0][]{chapter.2}{2 Strip transmission line medium for TEM wave propagation}{}% 5
\BOOKMARK [1][]{section.2.1}{2.1 Wave propagation in a lossy transmission line}{chapter.2}% 6
\BOOKMARK [1][]{section.2.2}{2.2 Power loss in a terminated lossy transmission line}{chapter.2}% 7
\BOOKMARK [1][]{section.2.3}{2.3 Planar realizations of a transmission line supporting TEM waves}{chapter.2}% 8
\BOOKMARK [0][]{chapter.3}{3 The use of serially connected magnetic tunnel junctions as multistate memory cells.}{}% 9
\BOOKMARK [1][]{section.3.1}{3.1 Multi-bit MRAM storage cells utilizing serially connected perpendicular magnetic tunnel junctions.}{chapter.3}% 10
\BOOKMARK [0][]{chapter.4}{4 Circuits' topology optimization focused on the performance improvement and functionalities integration as a way of power loss reduction}{}% 11
\BOOKMARK [1][]{section.4.1}{4.1 Miniaturized directional filter multiplexer for band separation in UWB antenna systems}{chapter.4}% 12
\BOOKMARK [1][]{section.4.2}{4.2 Low-loss directional filters based on differential band-reject filters with improved isolation using phase inverter}{chapter.4}% 13
\BOOKMARK [1][]{section.4.3}{4.3 Traveling wave directional filters with transmission zeroes using cross coupling}{chapter.4}% 14
\BOOKMARK [1][]{section.4.4}{4.4 Cascaded loops directional filter with transmission zeroes for multiplexing applications}{chapter.4}% 15
\BOOKMARK [1][]{section.4.5}{4.5 Frequency multiplexers with improved selectivity using asymmetric response directional filters}{chapter.4}% 16
\BOOKMARK [1][]{section.4.6}{4.6 Impedance transforming directional couplers with increased achievable transformation ratio}{chapter.4}% 17
\BOOKMARK [1][]{section.4.7}{4.7 A broadband 3 dB tandem coupler utilizing right/left handed transmission line sections}{chapter.4}% 18
\BOOKMARK [0][]{chapter.5}{5 Introduction of emerging manufacturing technologies and novel materials for low-loss circuits' realization}{}% 19
\BOOKMARK [1][]{section.5.1}{5.1 Investigation on additive manufacturing with conductive PLA filament for realisation of low-loss suspended microstrip microwave circuits}{chapter.5}% 20
\BOOKMARK [1][]{section.5.2}{5.2 Suspended microstrip low-pass filter realized using FDM type 3D printing with conductive copper-based filament}{chapter.5}% 21
\BOOKMARK [1][]{section.5.3}{5.3 Application of additive manufacturing technologies for realization of multilayer microstrip directional filter}{chapter.5}% 22
\BOOKMARK [1][]{section.5.4}{5.4 Application of 3D printing technology for realization of high-performance directional couplers in suspended stripline technique}{chapter.5}% 23
\BOOKMARK [0][]{chapter.6}{6 Circuits` performance improvement by reducing internal power loss}{}% 24
\BOOKMARK [1][]{section.6.1}{6.1 Low-cost impedance tuner utilizing quadrature coupled-line coupler for load and source pull transistor measurement applications}{chapter.6}% 25
\BOOKMARK [1][]{section.6.2}{6.2 Report on the realization of work package RF Pulsed Power Amplifier within the Air traffic control system of the new generation ADS-B/MLAT project}{chapter.6}% 26
\BOOKMARK [0][]{chapter.7}{7 Summary}{}% 27
\BOOKMARK [0][]{chapter*.6}{Bibliography}{}% 28
\BOOKMARK [0][]{chapter*.7}{Author's Achievements}{}% 29
